<?xml version="1.0" encoding="UTF-8"?>
<testng-results skipped="0" failed="0" total="2" passed="2">
  <reporter-output>
  </reporter-output>
  <suite name="Suite1" duration-ms="80" started-at="2020-11-07T15:10:47Z" finished-at="2020-11-07T15:10:47Z">
    <groups>
    </groups>
    <test name="Test" duration-ms="80" started-at="2020-11-07T15:10:47Z" finished-at="2020-11-07T15:10:47Z">
      <class name="com.annotations.TestAnnotations">
        <test-method status="PASS" signature="beforeTest()[pri:0, instance:com.annotations.TestAnnotations@f5f2bb7]" name="beforeTest" is-config="true" duration-ms="18" started-at="2020-11-07T20:40:47Z" finished-at="2020-11-07T20:40:47Z">
          <reporter-output>
          </reporter-output>
        </test-method> <!-- beforeTest -->
        <test-method status="PASS" signature="beforeClass()[pri:0, instance:com.annotations.TestAnnotations@f5f2bb7]" name="beforeClass" is-config="true" duration-ms="4" started-at="2020-11-07T20:40:47Z" finished-at="2020-11-07T20:40:47Z">
          <reporter-output>
          </reporter-output>
        </test-method> <!-- beforeClass -->
        <test-method status="PASS" signature="beforeMethod()[pri:0, instance:com.annotations.TestAnnotations@f5f2bb7]" name="beforeMethod" is-config="true" duration-ms="0" started-at="2020-11-07T20:40:47Z" finished-at="2020-11-07T20:40:47Z">
          <reporter-output>
          </reporter-output>
        </test-method> <!-- beforeMethod -->
        <test-method status="PASS" signature="Test1()[pri:0, instance:com.annotations.TestAnnotations@f5f2bb7]" name="Test1" duration-ms="12" started-at="2020-11-07T20:40:47Z" finished-at="2020-11-07T20:40:47Z">
          <reporter-output>
          </reporter-output>
        </test-method> <!-- Test1 -->
        <test-method status="PASS" signature="afterMethod()[pri:0, instance:com.annotations.TestAnnotations@f5f2bb7]" name="afterMethod" is-config="true" duration-ms="1" started-at="2020-11-07T20:40:47Z" finished-at="2020-11-07T20:40:47Z">
          <reporter-output>
          </reporter-output>
        </test-method> <!-- afterMethod -->
        <test-method status="PASS" signature="Test2()[pri:0, instance:com.annotations.TestAnnotations@f5f2bb7]" name="Test2" duration-ms="3" started-at="2020-11-07T20:40:47Z" finished-at="2020-11-07T20:40:47Z">
          <reporter-output>
          </reporter-output>
        </test-method> <!-- Test2 -->
        <test-method status="PASS" signature="beforeMethod()[pri:0, instance:com.annotations.TestAnnotations@f5f2bb7]" name="beforeMethod" is-config="true" duration-ms="0" started-at="2020-11-07T20:40:47Z" finished-at="2020-11-07T20:40:47Z">
          <reporter-output>
          </reporter-output>
        </test-method> <!-- beforeMethod -->
        <test-method status="PASS" signature="afterMethod()[pri:0, instance:com.annotations.TestAnnotations@f5f2bb7]" name="afterMethod" is-config="true" duration-ms="1" started-at="2020-11-07T20:40:47Z" finished-at="2020-11-07T20:40:47Z">
          <reporter-output>
          </reporter-output>
        </test-method> <!-- afterMethod -->
        <test-method status="PASS" signature="afterClass()[pri:0, instance:com.annotations.TestAnnotations@f5f2bb7]" name="afterClass" is-config="true" duration-ms="0" started-at="2020-11-07T20:40:47Z" finished-at="2020-11-07T20:40:47Z">
          <reporter-output>
          </reporter-output>
        </test-method> <!-- afterClass -->
        <test-method status="PASS" signature="AfterTest()[pri:0, instance:com.annotations.TestAnnotations@f5f2bb7]" name="AfterTest" is-config="true" duration-ms="0" started-at="2020-11-07T20:40:47Z" finished-at="2020-11-07T20:40:47Z">
          <reporter-output>
          </reporter-output>
        </test-method> <!-- AfterTest -->
      </class> <!-- com.annotations.TestAnnotations -->
    </test> <!-- Test -->
  </suite> <!-- Suite1 -->
</testng-results>
